Arguments: 
  /Users/midzelis/.nvm/versions/node/v8.15.0/bin/node /usr/local/Cellar/yarn/1.10.1/libexec/bin/yarn.js add vscode-languageserver

PATH: 
  /Users/midzelis/.nvm/versions/node/v8.15.0/bin:/usr/local/opt/node@8/bin:/usr/local/opt/node@10/bin:/Users/midzelis/bin:/usr/local/git/bin:/sw/bin/:/usr/local/bin:/usr/local/:/usr/local/sbin:/usr/local/mysql/bin:/Users/midzelis/blt:/Users/midzelis/blt/blt-code/bin:/Users/midzelis/blt/tools/bin:/Users/midzelis/blt/tools/maven/apache-maven-3.3.3/bin:/Users/midzelis/blt/blt-code/blt-python/bin:/Users/midzelis/blt/blt-code/blt-python3.6/bin:/Users/midzelis/blt/tools/Darwin/oracle/11.2.0.4_x64:/Users/midzelis/sdb/sdbbuild/current/bin:/Users/midzelis/blt/blt-code/blt-python/bin:/Users/midzelis/blt/blt-code/blt-python3.6/bin:/usr/local/bin:/Applications/FirefoxESR.app/Contents/MacOS:/Users/midzelis/apache-maven-3.5.4/bin:/Users/midzelis/blt/bin:/Users/midzelis/bin:/usr/local/bin:/usr/bin:/bin:/usr/sbin:/sbin:/opt/X11/bin:/Users/midzelis/git/reach-tools/bin:/Users/midzelis/go/bin:/sbin:/usr/sbin:/Users/midzelis/blt/tools/ant/apache-ant-1.9.4/bin:/usr/local/bin/

Yarn version: 
  1.10.1

Node version: 
  8.15.0

Platform: 
  darwin x64

Trace: 
  Error: getaddrinfo ENOTFOUND nexus.soma.salesforce.com nexus.soma.salesforce.com:443
      at GetAddrInfoReqWrap.onlookup [as oncomplete] (dns.js:67:26)

npm manifest: 
  {
    "name": "lightning-lsp-common",
    "version": "1.0.0",
    "description": "Common Indexer for Lightning LSPs",
    "main": "index.js",
    "scripts": {
      "test": "echo \"Error: no test specified\" && exit 1"
    },
    "repository": {
      "type": "git",
      "url": "git+https://github.com/forcedotcom/lightning-lsp-common.git"
    },
    "author": "",
    "license": "MIT",
    "bugs": {
      "url": "https://github.com/forcedotcom/lightning-lsp-common/issues"
    },
    "homepage": "https://github.com/forcedotcom/lightning-lsp-common#readme"
  }

yarn manifest: 
  No manifest

Lockfile: 
  No lockfile
